           Time    Speed        Read     Read   Mapped   Mapped   Mapped   Mapped Unmapped Unmapped Unmapped Unmapped
                    M/hr      number   length   unique   length   MMrate    multi   multi+       MM    short    other
Jan 10 09:39:43    172.2     2869976       66    64.5%     64.3     0.7%    11.9%     1.1%     0.0%    22.0%     0.5%
Jan 10 09:40:43    207.8     6927269       66    64.5%     64.3     0.8%    11.8%     1.1%     0.0%    22.1%     0.5%
Jan 10 09:41:44    220.9    11107691       66    64.5%     64.3     0.8%    11.9%     1.1%     0.0%    22.0%     0.5%
Jan 10 09:42:44    227.0    15194979       66    64.6%     64.3     0.8%    11.9%     1.1%     0.0%    22.0%     0.5%
Jan 10 09:43:44    231.4    19348191       66    64.6%     64.3     0.8%    11.9%     1.1%     0.0%    22.0%     0.5%
Jan 10 09:44:44    234.4    23501403       66    64.6%     64.3     0.8%    11.9%     1.1%     0.0%    22.0%     0.5%
Jan 10 09:45:44    236.5    27654615       66    64.6%     64.3     0.8%    11.9%     1.1%     0.0%    22.0%     0.5%
Jan 10 09:46:44    237.6    31741903       66    64.5%     64.3     0.8%    11.9%     1.1%     0.0%    22.0%     0.5%
Jan 10 09:47:44    239.3    35961039       66    64.5%     64.3     0.8%    11.8%     1.1%     0.0%    22.1%     0.5%
Jan 10 09:48:44    239.8    40032486       66    64.5%     64.3     0.8%    11.9%     1.1%     0.0%    22.0%     0.5%
Jan 10 09:49:44    240.2    44101794       66    64.5%     64.3     0.8%    11.9%     1.1%     0.0%    22.0%     0.5%
Jan 10 09:50:44    240.8    48236736       66    64.5%     64.3     0.8%    11.9%     1.1%     0.0%    22.0%     0.5%
Jan 10 09:51:44    241.4    52371678       66    64.5%     64.3     0.8%    11.9%     1.1%     0.0%    22.0%     0.5%
Jan 10 09:52:44    242.2    56572254       66    64.5%     64.3     0.8%    11.9%     1.1%     0.0%    22.0%     0.5%
Jan 10 09:53:44    242.3    60641562       66    64.5%     64.3     0.7%    11.9%     1.1%     0.0%    22.0%     0.5%
Jan 10 09:54:44    242.7    64776504       66    64.5%     64.3     0.8%    11.9%     1.1%     0.0%    22.0%     0.5%
Jan 10 09:55:44    242.7    68845812       66    64.5%     64.3     0.8%    11.9%     1.1%     0.0%    22.0%     0.5%
Jan 10 09:56:44    243.3    73047059       66    64.5%     64.3     0.8%    11.9%     1.1%     0.0%    22.0%     0.5%
Jan 10 09:57:44    243.4    77134347       66    64.5%     64.3     0.8%    11.9%     1.1%     0.0%    22.0%     0.5%
Jan 10 09:58:44    243.7    81287559       66    64.5%     64.3     0.8%    11.9%     1.1%     0.0%    22.0%     0.5%
Jan 10 09:59:44    243.7    85374847       66    64.5%     64.3     0.8%    11.9%     1.1%     0.0%    22.1%     0.5%
Jan 10 10:00:44    244.0    89528059       66    64.5%     64.3     0.8%    11.9%     1.1%     0.0%    22.1%     0.5%
Jan 10 10:01:44    244.2    93681271       66    64.5%     64.3     0.8%    11.9%     1.1%     0.0%    22.1%     0.5%
Jan 10 10:02:44    244.3    97768559       66    64.5%     64.3     0.8%    11.9%     1.1%     0.0%    22.0%     0.5%
Jan 10 10:03:44    244.4   101913317       66    64.5%     64.3     0.8%    11.9%     1.1%     0.0%    22.0%     0.5%
Jan 10 10:04:44    244.6   106048259       66    64.5%     64.3     0.8%    11.9%     1.1%     0.0%    22.0%     0.5%
Jan 10 10:05:44    244.6   110117567       66    64.5%     64.3     0.8%    11.9%     1.1%     0.0%    22.0%     0.5%
Jan 10 10:06:45    244.7   114318143       66    64.5%     64.3     0.8%    11.9%     1.1%     0.0%    22.0%     0.5%
Jan 10 10:07:45    244.8   118453085       66    64.5%     64.3     0.8%    11.9%     1.1%     0.0%    22.0%     0.5%
Jan 10 10:08:45    244.9   122588027       66    64.5%     64.3     0.8%    11.9%     1.1%     0.0%    22.0%     0.5%
Jan 10 10:09:45    244.9   126657335       66    64.5%     64.3     0.8%    11.9%     1.1%     0.0%    22.0%     0.5%
Jan 10 10:10:45    245.1   130857911       66    64.5%     64.3     0.8%    11.9%     1.1%     0.0%    22.0%     0.5%
Jan 10 10:11:45    245.1   134927219       66    64.5%     64.3     0.8%    11.9%     1.1%     0.0%    22.0%     0.5%
Jan 10 10:12:45    245.1   139050687       66    64.5%     64.3     0.8%    11.9%     1.1%     0.0%    22.0%     0.5%
Jan 10 10:13:45    245.0   143036793       66    64.5%     64.3     0.8%    11.9%     1.1%     0.0%    22.0%     0.5%
Jan 10 10:14:45    245.1   147218937       66    64.5%     64.3     0.8%    11.9%     1.1%     0.0%    22.0%     0.5%
Jan 10 10:15:45    245.0   151205043       66    64.5%     64.3     0.8%    11.9%     1.1%     0.0%    22.0%     0.5%
Jan 10 10:16:45    244.7   155125803       66    64.5%     64.3     0.8%    11.9%     1.1%     0.0%    22.0%     0.5%
Jan 10 10:17:45    244.7   159177255       66    64.5%     64.3     0.8%    11.9%     1.1%     0.0%    22.0%     0.5%
Jan 10 10:18:45    244.5   163163361       66    64.5%     64.3     0.8%    11.9%     1.1%     0.0%    22.0%     0.5%
Jan 10 10:19:45    244.4   167149467       66    64.5%     64.3     0.8%    11.9%     1.1%     0.0%    22.0%     0.5%
Jan 10 10:20:45    243.6   170678151       66    64.5%     64.3     0.8%    11.9%     1.1%     0.0%    22.0%     0.5%
Jan 10 10:21:45    243.8   174860295       66    64.5%     64.3     0.8%    11.9%     1.1%     0.0%    22.0%     0.5%
Jan 10 10:22:45    243.9   178977093       66    64.5%     64.3     0.8%    11.9%     1.1%     0.0%    22.0%     0.5%
Jan 10 10:23:45    243.9   183093891       66    64.5%     64.3     0.8%    11.9%     1.1%     0.0%    22.0%     0.5%
Jan 10 10:24:45    243.1   186491883       66    64.5%     64.3     0.8%    11.9%     1.1%     0.0%    22.0%     0.5%
Jan 10 10:25:45    243.0   190477989       66    64.5%     64.3     0.8%    11.9%     1.1%     0.0%    22.0%     0.5%
Jan 10 10:26:45    242.7   194333403       66    64.5%     64.3     0.8%    11.9%     1.1%     0.0%    22.0%     0.5%
Jan 10 10:27:45    242.5   198188817       66    64.5%     64.3     0.8%    11.9%     1.1%     0.0%    22.0%     0.5%
Jan 10 10:28:45    242.3   202044231       66    64.5%     64.3     0.8%    11.9%     1.1%     0.0%    22.0%     0.5%
Jan 10 10:29:45    242.2   206030337       66    64.5%     64.3     0.8%    11.9%     1.1%     0.0%    22.0%     0.5%
Jan 10 10:30:45    242.3   210147135       66    64.5%     64.3     0.8%    11.9%     1.1%     0.0%    22.0%     0.5%
Jan 10 10:31:45    241.6   213545127       66    64.5%     64.3     0.8%    11.9%     1.1%     0.0%    22.0%     0.5%
Jan 10 10:32:46    241.0   217073811       66    64.5%     64.3     0.8%    11.9%     1.1%     0.0%    22.0%     0.5%
Jan 10 10:49:25    185.6   218683580       66    64.5%     64.3     0.8%    11.9%     1.1%     0.0%    22.0%     0.5%
ALL DONE!
