                                 Started job on |	Jan 04 17:03:24
                             Started mapping on |	Jan 04 17:06:39
                                    Finished on |	Jan 05 06:16:42
       Mapping speed, Million of reads per hour |	10.45

                          Number of input reads |	137582581
                      Average input read length |	66
                                    UNIQUE READS:
                   Uniquely mapped reads number |	100380735
                        Uniquely mapped reads % |	72.96%
                          Average mapped length |	64.27
                       Number of splices: Total |	6408761
            Number of splices: Annotated (sjdb) |	3630629
                       Number of splices: GT/AG |	6108602
                       Number of splices: GC/AG |	64835
                       Number of splices: AT/AC |	5122
               Number of splices: Non-canonical |	230202
                      Mismatch rate per base, % |	0.75%
                         Deletion rate per base |	0.02%
                        Deletion average length |	1.44
                        Insertion rate per base |	0.02%
                       Insertion average length |	1.23
                             MULTI-MAPPING READS:
        Number of reads mapped to multiple loci |	16976362
             % of reads mapped to multiple loci |	12.34%
        Number of reads mapped to too many loci |	1747836
             % of reads mapped to too many loci |	1.27%
                                  UNMAPPED READS:
  Number of reads unmapped: too many mismatches |	0
       % of reads unmapped: too many mismatches |	0.00%
            Number of reads unmapped: too short |	17746260
                 % of reads unmapped: too short |	12.90%
                Number of reads unmapped: other |	731388
                     % of reads unmapped: other |	0.53%
                                  CHIMERIC READS:
                       Number of chimeric reads |	0
                            % of chimeric reads |	0.00%
