           Time    Speed        Read     Read   Mapped   Mapped   Mapped   Mapped Unmapped Unmapped Unmapped Unmapped
                    M/hr      number   length   unique   length   MMrate    multi   multi+       MM    short    other
Jan 04 17:14:21      0.8       97463       66    73.0%     64.3     0.8%    12.2%     1.2%     0.0%    13.0%     0.6%
Jan 04 17:15:21      5.4      781801       66    72.9%     64.3     0.7%    12.3%     1.3%     0.0%    13.0%     0.5%
Jan 04 17:16:23      7.8     1271289       66    72.9%     64.3     0.7%    12.3%     1.3%     0.0%    12.9%     0.5%
Jan 04 17:42:11      2.8     1662731       66    72.9%     64.3     0.7%    12.3%     1.3%     0.0%    12.9%     0.5%
Jan 04 17:43:34      2.9     1760192       66    72.9%     64.3     0.7%    12.3%     1.3%     0.0%    12.9%     0.5%
Jan 04 17:45:02      2.9     1857651       66    72.9%     64.3     0.7%    12.3%     1.3%     0.0%    12.9%     0.5%
Jan 04 17:46:28      3.8     2539879       66    73.0%     64.3     0.7%    12.3%     1.3%     0.0%    12.9%     0.5%
Jan 04 17:47:29      4.2     2832259       66    73.0%     64.3     0.7%    12.3%     1.3%     0.0%    12.9%     0.5%
Jan 04 18:05:26      3.3     3222101       66    73.0%     64.3     0.7%    12.3%     1.3%     0.0%    12.9%     0.5%
Jan 04 18:08:34      3.2     3319563       66    73.0%     64.3     0.7%    12.3%     1.3%     0.0%    12.9%     0.5%
Jan 04 18:11:06      3.2     3417023       66    73.0%     64.3     0.7%    12.3%     1.3%     0.0%    12.9%     0.5%
Jan 04 18:12:30      3.3     3611943       66    73.0%     64.3     0.8%    12.3%     1.3%     0.0%    12.9%     0.5%
Jan 04 18:13:34      3.7     4099253       66    73.0%     64.3     0.8%    12.3%     1.3%     0.0%    12.9%     0.5%
Jan 04 18:14:36      3.8     4294174       66    73.0%     64.3     0.8%    12.3%     1.3%     0.0%    12.9%     0.5%
Jan 04 18:15:40      3.8     4391635       66    73.0%     64.3     0.8%    12.3%     1.3%     0.0%    12.9%     0.5%
Jan 04 18:17:41      4.0     4684016       66    73.0%     64.3     0.8%    12.3%     1.3%     0.0%    12.9%     0.5%
Jan 04 18:27:26      3.6     4781475       66    73.0%     64.3     0.7%    12.3%     1.3%     0.0%    12.9%     0.5%
Jan 04 18:30:14      3.5     4878936       66    73.0%     64.3     0.7%    12.3%     1.3%     0.0%    12.9%     0.5%
Jan 04 18:31:55      3.5     4976397       66    73.0%     64.3     0.7%    12.3%     1.3%     0.0%    12.9%     0.5%
Jan 04 18:34:16      3.5     5171319       66    73.0%     64.3     0.7%    12.3%     1.3%     0.0%    12.9%     0.5%
Jan 04 18:35:32      3.7     5463702       66    73.0%     64.3     0.7%    12.3%     1.3%     0.0%    12.9%     0.5%
Jan 04 18:37:16      3.9     5853521       66    73.0%     64.3     0.7%    12.3%     1.3%     0.0%    12.9%     0.5%
Jan 04 18:38:25      3.9     5950981       66    73.0%     64.3     0.7%    12.3%     1.3%     0.0%    12.9%     0.5%
Jan 04 18:46:07      3.8     6340625       66    73.0%     64.3     0.7%    12.3%     1.3%     0.0%    12.9%     0.5%
Jan 04 18:49:01      3.8     6437770       66    73.0%     64.3     0.7%    12.3%     1.3%     0.0%    12.9%     0.5%
Jan 04 18:50:53      3.8     6534917       66    73.0%     64.3     0.7%    12.3%     1.3%     0.0%    12.9%     0.5%
Jan 04 18:51:53      3.8     6632065       66    73.0%     64.3     0.7%    12.3%     1.3%     0.0%    12.9%     0.5%
Jan 04 18:53:48      3.8     6826357       66    73.0%     64.3     0.7%    12.3%     1.3%     0.0%    12.9%     0.5%
Jan 04 18:54:50      3.8     6923501       66    73.0%     64.3     0.7%    12.3%     1.3%     0.0%    12.9%     0.5%
Jan 04 18:57:15      3.9     7214933       66    73.0%     64.3     0.7%    12.3%     1.3%     0.0%    12.9%     0.5%
Jan 04 18:58:26      4.0     7506366       66    73.0%     64.3     0.7%    12.3%     1.3%     0.0%    12.9%     0.5%
Jan 04 19:08:07      3.9     7894940       66    73.0%     64.3     0.7%    12.3%     1.3%     0.0%    12.9%     0.5%
Jan 04 19:11:55      3.9     8089227       66    73.0%     64.3     0.7%    12.3%     1.3%     0.0%    12.9%     0.5%
Jan 04 19:13:44      4.0     8380657       66    73.0%     64.3     0.7%    12.3%     1.3%     0.0%    12.9%     0.5%
Jan 04 19:15:45      4.0     8574943       66    73.0%     64.3     0.7%    12.3%     1.3%     0.0%    12.9%     0.5%
Jan 04 19:17:18      4.0     8672086       66    73.0%     64.3     0.7%    12.3%     1.3%     0.0%    12.9%     0.5%
Jan 04 19:18:36      4.1     9060662       66    73.0%     64.3     0.7%    12.3%     1.3%     0.0%    12.9%     0.5%
Jan 04 19:19:37      4.2     9254948       66    73.0%     64.3     0.7%    12.3%     1.3%     0.0%    12.9%     0.5%
Jan 04 19:20:42      4.2     9352092       66    73.0%     64.3     0.7%    12.3%     1.3%     0.0%    12.9%     0.5%
Jan 04 19:27:14      4.0     9449235       66    73.0%     64.3     0.7%    12.3%     1.3%     0.0%    12.9%     0.5%
Jan 04 19:28:27      4.1     9643523       66    73.0%     64.3     0.7%    12.3%     1.3%     0.0%    12.9%     0.5%
Jan 04 19:29:42      4.1     9837810       66    73.0%     64.3     0.7%    12.3%     1.3%     0.0%    12.9%     0.5%
Jan 04 19:31:02      4.2    10031994       66    73.0%     64.3     0.7%    12.3%     1.3%     0.0%    12.9%     0.5%
Jan 04 19:32:38      4.2    10128823       66    73.0%     64.3     0.7%    12.3%     1.3%     0.0%    12.9%     0.5%
Jan 04 19:35:37      4.1    10225652       66    73.0%     64.3     0.7%    12.3%     1.3%     0.0%    12.9%     0.5%
Jan 04 19:37:10      4.2    10612980       66    73.0%     64.3     0.7%    12.3%     1.3%     0.0%    12.9%     0.5%
Jan 04 19:38:18      4.3    10806640       66    73.0%     64.3     0.7%    12.3%     1.3%     0.0%    12.9%     0.5%
Jan 04 19:40:01      4.3    10903469       66    73.0%     64.3     0.7%    12.3%     1.3%     0.0%    12.9%     0.5%
Jan 04 19:47:19      4.1    11000299       66    73.0%     64.3     0.7%    12.3%     1.3%     0.0%    12.9%     0.5%
Jan 04 19:48:21      4.1    11097131       66    73.0%     64.3     0.7%    12.3%     1.3%     0.0%    12.9%     0.5%
Jan 04 19:51:07      4.2    11581279       66    73.0%     64.3     0.7%    12.3%     1.3%     0.0%    12.9%     0.5%
Jan 04 19:52:32      4.3    11774931       66    73.0%     64.3     0.7%    12.3%     1.3%     0.0%    12.9%     0.5%
Jan 04 19:54:16      4.2    11871761       66    73.0%     64.3     0.7%    12.3%     1.3%     0.0%    12.9%     0.5%
Jan 04 19:55:38      4.3    12065422       66    73.0%     64.3     0.7%    12.3%     1.3%     0.0%    12.9%     0.5%
Jan 04 19:56:54      4.3    12259082       66    73.0%     64.3     0.7%    12.3%     1.3%     0.0%    12.9%     0.5%
Jan 04 19:58:28      4.3    12452743       66    73.0%     64.3     0.7%    12.3%     1.3%     0.0%    12.9%     0.5%
Jan 04 20:03:01      4.3    12549573       66    73.0%     64.3     0.7%    12.3%     1.3%     0.0%    12.9%     0.5%
Jan 04 20:04:12      4.3    12646403       66    73.0%     64.3     0.7%    12.3%     1.3%     0.0%    12.9%     0.5%
Jan 04 20:06:26      4.3    12743233       66    73.0%     64.3     0.7%    12.3%     1.3%     0.0%    12.9%     0.5%
Jan 04 20:07:35      4.3    13033725       66    73.0%     64.3     0.7%    12.3%     1.3%     0.0%    12.9%     0.5%
Jan 04 20:08:54      4.4    13227386       66    73.0%     64.3     0.7%    12.3%     1.3%     0.0%    12.9%     0.5%
Jan 04 20:12:23      4.3    13324216       66    73.0%     64.3     0.7%    12.3%     1.3%     0.0%    12.9%     0.5%
Jan 04 20:13:30      4.4    13614706       66    73.0%     64.3     0.7%    12.3%     1.3%     0.0%    12.9%     0.5%
Jan 04 20:15:37      4.4    13808367       66    73.0%     64.3     0.7%    12.3%     1.3%     0.0%    12.9%     0.5%
Jan 04 20:20:00      4.4    14098855       66    73.0%     64.3     0.7%    12.3%     1.3%     0.0%    12.9%     0.5%
Jan 04 20:23:24      4.3    14195683       66    73.0%     64.3     0.7%    12.3%     1.3%     0.0%    12.9%     0.5%
Jan 04 20:25:22      4.4    14679833       66    73.0%     64.3     0.7%    12.3%     1.3%     0.0%    12.9%     0.5%
Jan 04 20:26:43      4.4    14776661       66    73.0%     64.3     0.7%    12.3%     1.3%     0.0%    12.9%     0.5%
Jan 04 20:27:58      4.4    14873490       66    73.0%     64.3     0.7%    12.3%     1.3%     0.0%    12.9%     0.5%
Jan 04 20:30:46      4.4    14970319       66    73.0%     64.3     0.7%    12.3%     1.3%     0.0%    12.9%     0.5%
Jan 04 20:32:04      4.4    15163977       66    73.0%     64.3     0.7%    12.3%     1.3%     0.0%    12.9%     0.5%
Jan 04 20:33:30      4.5    15357634       66    73.0%     64.3     0.7%    12.3%     1.3%     0.0%    12.9%     0.5%
Jan 04 20:37:32      4.5    15648122       66    73.0%     64.3     0.7%    12.3%     1.3%     0.0%    12.9%     0.5%
Jan 04 20:39:57      4.4    15744951       66    73.0%     64.3     0.7%    12.3%     1.3%     0.0%    12.9%     0.5%
Jan 04 20:41:15      4.5    15938610       66    73.0%     64.3     0.7%    12.3%     1.3%     0.0%    12.9%     0.5%
Jan 04 20:43:32      4.5    16132271       66    73.0%     64.3     0.7%    12.3%     1.3%     0.0%    12.9%     0.5%
Jan 04 20:45:17      4.5    16325931       66    73.0%     64.3     0.7%    12.3%     1.3%     0.0%    12.9%     0.5%
Jan 04 20:48:58      4.5    16519593       66    73.0%     64.3     0.7%    12.3%     1.3%     0.0%    12.9%     0.5%
Jan 04 20:50:09      4.5    16713256       66    73.0%     64.3     0.7%    12.3%     1.3%     0.0%    12.9%     0.5%
Jan 04 20:51:50      4.5    17003752       66    73.0%     64.3     0.7%    12.3%     1.3%     0.0%    12.9%     0.5%
Jan 04 20:53:29      4.5    17197409       66    73.0%     64.3     0.7%    12.3%     1.3%     0.0%    12.9%     0.5%
Jan 04 20:56:28      4.5    17294230       66    73.0%     64.3     0.7%    12.3%     1.3%     0.0%    12.9%     0.5%
Jan 04 20:58:02      4.6    17584701       66    73.0%     64.3     0.7%    12.3%     1.3%     0.0%    12.9%     0.5%
Jan 04 20:59:37      4.6    17681531       66    73.0%     64.3     0.7%    12.3%     1.3%     0.0%    12.9%     0.5%
Jan 04 21:01:46      4.6    17875189       66    73.0%     64.3     0.7%    12.3%     1.3%     0.0%    12.9%     0.5%
Jan 04 21:03:47      4.5    17972018       66    73.0%     64.3     0.7%    12.3%     1.3%     0.0%    12.9%     0.5%
Jan 04 21:05:43      4.6    18165678       66    73.0%     64.3     0.7%    12.3%     1.3%     0.0%    12.9%     0.5%
Jan 04 21:06:49      4.6    18359340       66    73.0%     64.3     0.7%    12.3%     1.3%     0.0%    12.9%     0.5%
Jan 04 21:08:30      4.6    18553000       66    73.0%     64.3     0.7%    12.3%     1.3%     0.0%    12.9%     0.5%
Jan 04 21:09:51      4.6    18649832       66    73.0%     64.3     0.7%    12.3%     1.3%     0.0%    12.9%     0.5%
Jan 04 21:12:00      4.6    18843492       66    73.0%     64.3     0.7%    12.3%     1.3%     0.0%    12.9%     0.5%
Jan 04 21:15:11      4.6    19133979       66    73.0%     64.3     0.7%    12.3%     1.3%     0.0%    12.9%     0.5%
Jan 04 21:16:16      4.6    19230809       66    73.0%     64.3     0.7%    12.3%     1.3%     0.0%    12.9%     0.5%
Jan 04 21:17:46      4.6    19327638       66    73.0%     64.3     0.7%    12.3%     1.3%     0.0%    12.9%     0.5%
Jan 04 21:20:00      4.6    19424467       66    73.0%     64.3     0.7%    12.3%     1.3%     0.0%    12.9%     0.5%
Jan 04 21:23:26      4.6    19618125       66    73.0%     64.3     0.7%    12.3%     1.3%     0.0%    12.9%     0.5%
Jan 04 21:24:41      4.6    19811783       66    73.0%     64.3     0.7%    12.3%     1.3%     0.0%    12.9%     0.5%
Jan 04 21:27:20      4.6    20005441       66    73.0%     64.3     0.7%    12.3%     1.3%     0.0%    12.9%     0.5%
Jan 04 21:29:47      4.6    20295931       66    73.0%     64.3     0.7%    12.3%     1.3%     0.0%    12.9%     0.5%
Jan 04 21:30:49      4.7    20489590       66    73.0%     64.3     0.7%    12.3%     1.3%     0.0%    12.9%     0.5%
Jan 04 21:33:08      4.6    20586419       66    73.0%     64.3     0.7%    12.3%     1.3%     0.0%    12.9%     0.5%
Jan 04 21:34:56      4.6    20780075       66    73.0%     64.3     0.7%    12.3%     1.3%     0.0%    12.9%     0.5%
Jan 04 21:36:28      4.6    20876903       66    73.0%     64.3     0.7%    12.3%     1.3%     0.0%    12.9%     0.5%
Jan 04 21:37:43      4.6    20973732       66    73.0%     64.3     0.7%    12.3%     1.3%     0.0%    12.9%     0.5%
Jan 04 21:41:00      4.6    21070561       66    73.0%     64.3     0.7%    12.3%     1.3%     0.0%    12.9%     0.5%
Jan 04 21:42:31      4.6    21167391       66    73.0%     64.3     0.7%    12.3%     1.3%     0.0%    12.9%     0.5%
Jan 04 21:43:32      4.6    21264220       66    73.0%     64.3     0.7%    12.3%     1.3%     0.0%    12.9%     0.5%
Jan 04 21:45:06      4.6    21457879       66    73.0%     64.3     0.7%    12.3%     1.3%     0.0%    12.9%     0.5%
Jan 04 21:47:10      4.6    21554710       66    73.0%     64.3     0.7%    12.3%     1.3%     0.0%    12.9%     0.5%
Jan 04 21:49:07      4.6    21748368       66    73.0%     64.3     0.7%    12.3%     1.3%     0.0%    12.9%     0.5%
Jan 04 21:50:56      4.6    21942026       66    73.0%     64.3     0.7%    12.3%     1.3%     0.0%    12.9%     0.5%
Jan 04 21:53:38      4.6    22038858       66    73.0%     64.3     0.7%    12.3%     1.3%     0.0%    12.9%     0.5%
Jan 04 21:56:56      4.6    22329349       66    73.0%     64.3     0.7%    12.3%     1.3%     0.0%    12.9%     0.5%
Jan 04 22:02:39      4.6    22619837       66    73.0%     64.3     0.7%    12.3%     1.3%     0.0%    12.9%     0.5%
Jan 04 22:03:43      4.6    22813467       66    73.0%     64.3     0.7%    12.3%     1.3%     0.0%    12.9%     0.5%
Jan 04 22:05:50      4.6    23006810       66    73.0%     64.3     0.7%    12.3%     1.3%     0.0%    12.9%     0.5%
Jan 04 22:07:46      4.6    23199850       66    73.0%     64.3     0.7%    12.3%     1.3%     0.0%    12.9%     0.5%
Jan 04 22:08:56      4.6    23392883       66    73.0%     64.3     0.7%    12.3%     1.3%     0.0%    12.9%     0.5%
Jan 04 22:11:38      4.6    23489400       66    73.0%     64.3     0.7%    12.3%     1.3%     0.0%    12.9%     0.5%
Jan 04 22:14:34      4.6    23585917       66    73.0%     64.3     0.7%    12.3%     1.3%     0.0%    12.9%     0.5%
Jan 04 22:16:32      4.6    23778950       66    73.0%     64.3     0.7%    12.3%     1.3%     0.0%    12.9%     0.5%
Jan 04 22:19:50      4.6    23971983       66    73.0%     64.3     0.7%    12.3%     1.3%     0.0%    12.9%     0.5%
Jan 04 22:20:51      4.6    24068501       66    73.0%     64.3     0.7%    12.3%     1.3%     0.0%    12.9%     0.5%
Jan 04 22:22:19      4.6    24165016       66    73.0%     64.3     0.7%    12.3%     1.3%     0.0%    12.9%     0.5%
Jan 04 22:24:46      4.6    24358049       66    73.0%     64.3     0.7%    12.3%     1.3%     0.0%    12.9%     0.5%
Jan 04 22:25:46      4.6    24454566       66    73.0%     64.3     0.7%    12.3%     1.3%     0.0%    12.9%     0.5%
Jan 04 22:27:00      4.6    24647586       66    73.0%     64.3     0.7%    12.3%     1.3%     0.0%    12.9%     0.5%
Jan 04 22:28:53      4.6    24937107       66    73.0%     64.3     0.7%    12.3%     1.3%     0.0%    12.9%     0.5%
Jan 04 22:32:30      4.6    25033624       66    73.0%     64.3     0.7%    12.3%     1.3%     0.0%    12.9%     0.5%
Jan 04 22:35:02      4.6    25130142       66    73.0%     64.3     0.7%    12.3%     1.3%     0.0%    12.9%     0.5%
Jan 04 22:37:06      4.6    25226658       66    73.0%     64.3     0.7%    12.3%     1.3%     0.0%    12.9%     0.5%
Jan 04 22:38:31      4.6    25419692       66    73.0%     64.3     0.7%    12.3%     1.3%     0.0%    12.9%     0.5%
Jan 04 22:42:19      4.6    25709245       66    73.0%     64.3     0.7%    12.3%     1.3%     0.0%    12.9%     0.5%
Jan 04 22:43:39      4.6    25902279       66    73.0%     64.3     0.7%    12.3%     1.3%     0.0%    12.9%     0.5%
Jan 04 22:46:25      4.6    25998796       66    73.0%     64.3     0.7%    12.3%     1.3%     0.0%    12.9%     0.5%
Jan 04 22:50:00      4.6    26384862       66    73.0%     64.3     0.7%    12.3%     1.3%     0.0%    12.9%     0.5%
Jan 04 22:55:58      4.6    26577895       66    73.0%     64.3     0.7%    12.3%     1.3%     0.0%    12.9%     0.5%
Jan 04 22:58:49      4.6    26770928       66    73.0%     64.3     0.7%    12.3%     1.3%     0.0%    12.9%     0.5%
Jan 04 23:00:14      4.6    26867445       66    73.0%     64.3     0.7%    12.3%     1.3%     0.0%    12.9%     0.5%
Jan 04 23:01:23      4.6    26963963       66    73.0%     64.3     0.7%    12.3%     1.3%     0.0%    12.9%     0.5%
Jan 04 23:02:30      4.6    27156998       66    73.0%     64.3     0.7%    12.3%     1.3%     0.0%    12.9%     0.5%
Jan 04 23:04:20      4.6    27253515       66    73.0%     64.3     0.7%    12.3%     1.3%     0.0%    12.9%     0.5%
Jan 04 23:05:42      4.6    27446549       66    73.0%     64.3     0.7%    12.3%     1.3%     0.0%    12.9%     0.5%
Jan 04 23:06:43      4.6    27543066       66    73.0%     64.3     0.7%    12.3%     1.3%     0.0%    12.9%     0.5%
Jan 04 23:09:10      4.6    27639582       66    73.0%     64.3     0.7%    12.3%     1.3%     0.0%    12.9%     0.5%
Jan 04 23:10:57      4.6    27736099       66    73.0%     64.3     0.7%    12.3%     1.3%     0.0%    12.9%     0.5%
Jan 04 23:13:19      4.6    27832615       66    73.0%     64.3     0.7%    12.3%     1.3%     0.0%    12.9%     0.5%
Jan 04 23:14:45      4.6    27929132       66    73.0%     64.3     0.7%    12.3%     1.3%     0.0%    12.9%     0.5%
Jan 04 23:17:03      4.6    28122166       66    73.0%     64.3     0.7%    12.3%     1.3%     0.0%    12.9%     0.5%
Jan 04 23:22:03      4.5    28218689       66    73.0%     64.3     0.7%    12.3%     1.3%     0.0%    12.9%     0.5%
Jan 04 23:23:12      4.5    28315206       66    73.0%     64.3     0.7%    12.3%     1.3%     0.0%    12.9%     0.5%
Jan 04 23:26:47      4.5    28604766       66    73.0%     64.3     0.7%    12.3%     1.3%     0.0%    12.9%     0.5%
Jan 04 23:28:19      4.5    28701282       66    73.0%     64.3     0.7%    12.3%     1.3%     0.0%    12.9%     0.5%
Jan 04 23:29:41      4.5    28894316       66    73.0%     64.3     0.7%    12.3%     1.3%     0.0%    12.9%     0.5%
Jan 04 23:32:11      4.5    29087348       66    73.0%     64.3     0.7%    12.3%     1.3%     0.0%    12.9%     0.5%
Jan 04 23:33:43      4.5    29183865       66    73.0%     64.3     0.7%    12.3%     1.3%     0.0%    12.9%     0.5%
Jan 04 23:37:22      4.5    29376904       66    73.0%     64.3     0.7%    12.3%     1.3%     0.0%    12.9%     0.5%
Jan 04 23:38:29      4.5    29569939       66    73.0%     64.3     0.7%    12.3%     1.3%     0.0%    12.9%     0.5%
Jan 04 23:43:56      4.5    29762970       66    73.0%     64.3     0.7%    12.3%     1.3%     0.0%    12.9%     0.5%
Jan 04 23:45:38      4.5    29956009       66    73.0%     64.3     0.7%    12.3%     1.3%     0.0%    12.9%     0.5%
Jan 04 23:48:01      4.5    30052524       66    73.0%     64.3     0.7%    12.3%     1.3%     0.0%    12.9%     0.5%
Jan 04 23:53:03      4.5    30149047       66    73.0%     64.3     0.7%    12.3%     1.3%     0.0%    12.9%     0.5%
Jan 04 23:54:03      4.5    30245560       66    73.0%     64.3     0.7%    12.3%     1.3%     0.0%    12.9%     0.5%
Jan 04 23:55:26      4.5    30631614       66    73.0%     64.3     0.7%    12.3%     1.3%     0.0%    12.9%     0.5%
Jan 04 23:57:22      4.5    30824651       66    73.0%     64.3     0.7%    12.3%     1.3%     0.0%    12.9%     0.5%
Jan 04 23:58:24      4.5    30921168       66    73.0%     64.3     0.7%    12.3%     1.3%     0.0%    12.9%     0.5%
Jan 05 00:00:13      4.5    31017686       66    73.0%     64.3     0.7%    12.3%     1.3%     0.0%    12.9%     0.5%
Jan 05 00:02:13      4.5    31114205       66    73.0%     64.3     0.7%    12.3%     1.3%     0.0%    12.9%     0.5%
Jan 05 00:05:46      4.5    31307240       66    73.0%     64.3     0.7%    12.3%     1.3%     0.0%    12.9%     0.5%
Jan 05 00:09:19      4.5    31403756       66    73.0%     64.3     0.7%    12.3%     1.3%     0.0%    12.9%     0.5%
Jan 05 00:12:14      4.5    31693310       66    73.0%     64.3     0.7%    12.3%     1.3%     0.0%    12.9%     0.5%
Jan 05 00:13:59      4.5    31789828       66    73.0%     64.3     0.7%    12.3%     1.3%     0.0%    12.9%     0.5%
Jan 05 00:15:50      4.5    31982864       66    73.0%     64.3     0.7%    12.3%     1.3%     0.0%    12.9%     0.5%
Jan 05 00:17:06      4.5    32368933       66    73.0%     64.3     0.7%    12.3%     1.3%     0.0%    12.9%     0.5%
Jan 05 00:20:26      4.5    32755000       66    73.0%     64.3     0.7%    12.3%     1.3%     0.0%    12.9%     0.5%
Jan 05 00:24:37      4.5    32948033       66    73.0%     64.3     0.7%    12.3%     1.3%     0.0%    12.9%     0.5%
Jan 05 00:26:51      4.5    33044549       66    73.0%     64.3     0.7%    12.3%     1.3%     0.0%    12.9%     0.5%
Jan 05 00:28:20      4.5    33141066       66    73.0%     64.3     0.7%    12.3%     1.3%     0.0%    12.9%     0.5%
Jan 05 00:31:48      4.5    33334100       66    73.0%     64.3     0.7%    12.3%     1.3%     0.0%    12.9%     0.5%
Jan 05 00:35:07      4.5    33623651       66    73.0%     64.3     0.7%    12.3%     1.3%     0.0%    12.9%     0.5%
Jan 05 00:37:17      4.5    33816686       66    73.0%     64.3     0.7%    12.3%     1.3%     0.0%    12.9%     0.5%
Jan 05 00:39:11      4.5    34299272       66    73.0%     64.3     0.7%    12.3%     1.3%     0.0%    12.9%     0.5%
Jan 05 00:45:52      4.5    34492306       66    73.0%     64.3     0.7%    12.3%     1.3%     0.0%    12.9%     0.5%
Jan 05 00:47:58      4.5    34588823       66    73.0%     64.3     0.7%    12.3%     1.3%     0.0%    12.9%     0.5%
Jan 05 00:49:33      4.5    34685339       66    73.0%     64.3     0.7%    12.3%     1.3%     0.0%    12.9%     0.5%
Jan 05 00:51:32      4.5    34878372       66    73.0%     64.3     0.7%    12.3%     1.3%     0.0%    12.9%     0.5%
Jan 05 00:52:48      4.5    34974890       66    73.0%     64.3     0.7%    12.3%     1.3%     0.0%    12.9%     0.5%
Jan 05 00:55:55      4.5    35167929       66    73.0%     64.3     0.7%    12.3%     1.3%     0.0%    12.9%     0.5%
Jan 05 00:57:41      4.5    35264447       66    73.0%     64.3     0.7%    12.3%     1.3%     0.0%    12.9%     0.5%
Jan 05 00:58:56      4.5    35553999       66    73.0%     64.3     0.7%    12.3%     1.3%     0.0%    12.9%     0.5%
Jan 05 01:00:25      4.5    35747032       66    73.0%     64.3     0.7%    12.3%     1.3%     0.0%    12.9%     0.5%
Jan 05 01:01:37      4.5    35940066       66    73.0%     64.3     0.7%    12.3%     1.3%     0.0%    12.9%     0.5%
Jan 05 01:05:44      4.5    36036578       66    73.0%     64.3     0.7%    12.3%     1.3%     0.0%    12.9%     0.5%
Jan 05 01:07:07      4.5    36133092       66    73.0%     64.3     0.7%    12.3%     1.3%     0.0%    12.9%     0.5%
Jan 05 01:08:53      4.5    36229592       66    73.0%     64.3     0.7%    12.3%     1.3%     0.0%    12.9%     0.5%
Jan 05 01:10:38      4.5    36326106       66    73.0%     64.3     0.7%    12.3%     1.3%     0.0%    12.9%     0.5%
Jan 05 01:11:52      4.5    36519146       66    73.0%     64.3     0.7%    12.3%     1.3%     0.0%    12.9%     0.5%
Jan 05 01:16:15      4.5    36808688       66    73.0%     64.3     0.7%    12.3%     1.3%     0.0%    12.9%     0.5%
Jan 05 01:18:13      4.5    37098240       66    73.0%     64.3     0.7%    12.3%     1.3%     0.0%    12.9%     0.5%
Jan 05 01:20:01      4.5    37194758       66    73.0%     64.3     0.7%    12.3%     1.3%     0.0%    12.9%     0.5%
Jan 05 01:21:28      4.5    37291276       66    73.0%     64.3     0.7%    12.3%     1.3%     0.0%    12.9%     0.5%
Jan 05 01:23:20      4.5    37484311       66    73.0%     64.3     0.7%    12.3%     1.3%     0.0%    12.9%     0.5%
Jan 05 01:25:06      4.5    37580827       66    73.0%     64.3     0.7%    12.3%     1.3%     0.0%    12.9%     0.5%
Jan 05 01:28:59      4.5    37773861       66    73.0%     64.3     0.7%    12.3%     1.3%     0.0%    12.9%     0.5%
Jan 05 01:31:06      4.5    37870379       66    73.0%     64.3     0.7%    12.3%     1.3%     0.0%    12.9%     0.5%
Jan 05 01:32:15      4.5    38063413       66    73.0%     64.3     0.7%    12.3%     1.3%     0.0%    12.9%     0.5%
Jan 05 01:33:25      4.5    38159931       66    73.0%     64.3     0.7%    12.3%     1.3%     0.0%    12.9%     0.5%
Jan 05 01:36:40      4.5    38352965       66    73.0%     64.3     0.7%    12.3%     1.3%     0.0%    12.9%     0.5%
Jan 05 01:38:26      4.5    38545999       66    73.0%     64.3     0.7%    12.3%     1.3%     0.0%    12.9%     0.5%
Jan 05 01:41:03      4.5    38739032       66    73.0%     64.3     0.7%    12.3%     1.3%     0.0%    12.9%     0.5%
Jan 05 01:42:11      4.5    38835549       66    73.0%     64.3     0.7%    12.3%     1.3%     0.0%    12.9%     0.5%
Jan 05 01:44:44      4.5    38932067       66    73.0%     64.3     0.7%    12.3%     1.3%     0.0%    12.9%     0.5%
Jan 05 01:46:04      4.5    39125101       66    73.0%     64.3     0.7%    12.3%     1.3%     0.0%    12.9%     0.5%
Jan 05 01:49:38      4.5    39318139       66    73.0%     64.3     0.7%    12.3%     1.3%     0.0%    12.9%     0.5%
Jan 05 01:52:19      4.5    39414655       66    73.0%     64.3     0.7%    12.3%     1.3%     0.0%    12.9%     0.5%
Jan 05 01:54:10      4.5    39511172       66    73.0%     64.3     0.7%    12.3%     1.3%     0.0%    12.9%     0.5%
Jan 05 01:55:29      4.5    39607689       66    73.0%     64.3     0.7%    12.3%     1.3%     0.0%    12.9%     0.5%
Jan 05 01:58:07      4.5    39897238       66    73.0%     64.3     0.7%    12.3%     1.3%     0.0%    12.9%     0.5%
Jan 05 01:59:41      4.5    40186789       66    73.0%     64.3     0.7%    12.3%     1.3%     0.0%    12.9%     0.5%
Jan 05 02:02:20      4.5    40283306       66    73.0%     64.3     0.7%    12.3%     1.3%     0.0%    12.9%     0.5%
Jan 05 02:06:38      4.5    40476338       66    73.0%     64.3     0.7%    12.3%     1.3%     0.0%    12.9%     0.5%
Jan 05 02:08:50      4.5    40572854       66    73.0%     64.3     0.7%    12.3%     1.3%     0.0%    12.9%     0.5%
Jan 05 02:09:50      4.5    40765888       66    73.0%     64.3     0.7%    12.3%     1.3%     0.0%    12.9%     0.5%
Jan 05 02:14:28      4.5    40862406       66    73.0%     64.3     0.7%    12.3%     1.3%     0.0%    12.9%     0.5%
Jan 05 02:16:37      4.5    40958923       66    73.0%     64.3     0.7%    12.3%     1.3%     0.0%    12.9%     0.5%
Jan 05 02:17:48      4.5    41055439       66    73.0%     64.3     0.7%    12.3%     1.3%     0.0%    12.9%     0.5%
Jan 05 02:18:54      4.5    41248473       66    73.0%     64.3     0.7%    12.3%     1.3%     0.0%    12.9%     0.5%
Jan 05 02:21:03      4.5    41344989       66    73.0%     64.3     0.7%    12.3%     1.3%     0.0%    12.9%     0.5%
Jan 05 02:22:39      4.5    41441508       66    73.0%     64.3     0.7%    12.3%     1.3%     0.0%    12.9%     0.5%
Jan 05 02:24:14      4.5    41827579       66    73.0%     64.3     0.7%    12.3%     1.3%     0.0%    12.9%     0.5%
Jan 05 02:27:40      4.5    41924096       66    73.0%     64.3     0.7%    12.3%     1.3%     0.0%    12.9%     0.5%
Jan 05 02:32:52      4.5    42020609       66    73.0%     64.3     0.7%    12.3%     1.3%     0.0%    12.9%     0.5%
Jan 05 02:35:53      4.4    42117127       66    73.0%     64.3     0.7%    12.3%     1.3%     0.0%    12.9%     0.5%
Jan 05 02:36:53      4.5    42310161       66    73.0%     64.3     0.7%    12.3%     1.3%     0.0%    12.9%     0.5%
Jan 05 02:40:36      4.4    42406679       66    73.0%     64.3     0.7%    12.3%     1.3%     0.0%    12.9%     0.5%
Jan 05 02:45:43      4.4    42503196       66    73.0%     64.3     0.7%    12.3%     1.3%     0.0%    12.9%     0.5%
Jan 05 02:47:45      4.4    42889264       66    73.0%     64.3     0.7%    12.3%     1.3%     0.0%    12.9%     0.5%
Jan 05 02:49:10      4.4    42985781       66    73.0%     64.3     0.7%    12.3%     1.3%     0.0%    12.9%     0.5%
Jan 05 02:50:34      4.4    43178820       66    73.0%     64.3     0.7%    12.3%     1.3%     0.0%    12.9%     0.5%
Jan 05 02:52:25      4.4    43275337       66    73.0%     64.3     0.7%    12.3%     1.3%     0.0%    12.9%     0.5%
Jan 05 02:54:17      4.4    43371854       66    73.0%     64.3     0.7%    12.3%     1.3%     0.0%    12.9%     0.5%
Jan 05 02:55:49      4.4    43468373       66    73.0%     64.3     0.7%    12.3%     1.3%     0.0%    12.9%     0.5%
Jan 05 02:59:17      4.4    43564890       66    73.0%     64.3     0.7%    12.3%     1.3%     0.0%    12.9%     0.5%
Jan 05 03:02:09      4.4    43661407       66    73.0%     64.3     0.7%    12.3%     1.3%     0.0%    12.9%     0.5%
Jan 05 03:05:06      4.4    43757924       66    73.0%     64.3     0.7%    12.3%     1.3%     0.0%    12.9%     0.5%
Jan 05 03:07:14      4.4    43854445       66    73.0%     64.3     0.7%    12.3%     1.3%     0.0%    12.9%     0.5%
Jan 05 03:09:08      4.4    43950965       66    73.0%     64.3     0.7%    12.3%     1.3%     0.0%    12.9%     0.5%
Jan 05 03:13:03      4.4    44047484       66    73.0%     64.3     0.7%    12.3%     1.3%     0.0%    12.9%     0.5%
Jan 05 03:14:15      4.4    44144002       66    73.0%     64.3     0.7%    12.3%     1.3%     0.0%    12.9%     0.5%
Jan 05 03:15:23      4.4    44337037       66    73.0%     64.3     0.7%    12.3%     1.3%     0.0%    12.9%     0.5%
Jan 05 03:17:54      4.4    44433554       66    73.0%     64.3     0.7%    12.3%     1.3%     0.0%    12.9%     0.5%
Jan 05 03:19:23      4.4    44626587       66    73.0%     64.3     0.7%    12.3%     1.3%     0.0%    12.9%     0.5%
Jan 05 03:21:38      4.4    44723103       66    73.0%     64.3     0.7%    12.3%     1.3%     0.0%    12.9%     0.5%
Jan 05 03:23:30      4.4    45012654       66    73.0%     64.3     0.7%    12.3%     1.3%     0.0%    12.9%     0.5%
Jan 05 03:27:27      4.4    45109170       66    73.0%     64.3     0.7%    12.3%     1.3%     0.0%    12.9%     0.5%
Jan 05 03:29:04      4.4    45205687       66    73.0%     64.3     0.7%    12.3%     1.3%     0.0%    12.9%     0.5%
Jan 05 03:35:47      4.3    45302205       66    73.0%     64.3     0.7%    12.3%     1.3%     0.0%    12.9%     0.5%
Jan 05 03:37:14      4.3    45398721       66    73.0%     64.3     0.7%    12.3%     1.3%     0.0%    12.9%     0.5%
Jan 05 03:39:06      4.3    45591756       66    73.0%     64.3     0.7%    12.3%     1.3%     0.0%    12.9%     0.5%
Jan 05 03:41:18      4.3    45688273       66    73.0%     64.3     0.7%    12.3%     1.3%     0.0%    12.9%     0.5%
Jan 05 03:42:41      4.3    45784871       66    73.0%     64.3     0.7%    12.3%     1.3%     0.0%    12.9%     0.5%
Jan 05 03:45:24      4.3    45978217       66    73.0%     64.3     0.7%    12.3%     1.3%     0.0%    12.9%     0.5%
Jan 05 03:46:40      4.3    46075048       66    73.0%     64.3     0.7%    12.3%     1.3%     0.0%    12.9%     0.5%
Jan 05 03:48:36      4.3    46171876       66    73.0%     64.3     0.7%    12.3%     1.3%     0.0%    12.9%     0.5%
Jan 05 03:50:31      4.3    46268706       66    73.0%     64.3     0.7%    12.3%     1.3%     0.0%    12.9%     0.5%
Jan 05 03:51:48      4.3    46462364       66    73.0%     64.3     0.7%    12.3%     1.3%     0.0%    12.9%     0.5%
Jan 05 03:53:19      4.3    46559192       66    73.0%     64.3     0.7%    12.3%     1.3%     0.0%    12.9%     0.5%
Jan 05 03:56:26      4.3    46656021       66    73.0%     64.3     0.7%    12.3%     1.3%     0.0%    12.9%     0.5%
Jan 05 03:58:32      4.3    46752851       66    73.0%     64.3     0.7%    12.3%     1.3%     0.0%    12.9%     0.5%
Jan 05 04:02:01      4.3    46849681       66    73.0%     64.3     0.7%    12.3%     1.3%     0.0%    12.9%     0.5%
Jan 05 04:04:56      4.3    46946511       66    73.0%     64.3     0.7%    12.3%     1.3%     0.0%    12.9%     0.5%
Jan 05 04:06:54      4.3    47140170       66    73.0%     64.3     0.7%    12.3%     1.3%     0.0%    12.9%     0.5%
Jan 05 04:09:27      4.3    47237000       66    73.0%     64.3     0.7%    12.3%     1.3%     0.0%    12.9%     0.5%
Jan 05 04:11:59      4.3    47527499       66    73.0%     64.3     0.7%    12.3%     1.3%     0.0%    12.9%     0.5%
Jan 05 04:13:58      4.3    47624331       66    73.0%     64.3     0.7%    12.3%     1.3%     0.0%    12.9%     0.5%
Jan 05 04:17:56      4.3    47721161       66    73.0%     64.3     0.7%    12.3%     1.3%     0.0%    12.9%     0.5%
Jan 05 04:19:44      4.3    47914822       66    73.0%     64.3     0.7%    12.3%     1.3%     0.0%    12.9%     0.5%
Jan 05 04:21:00      4.3    48011651       66    73.0%     64.3     0.7%    12.3%     1.3%     0.0%    12.9%     0.5%
Jan 05 04:22:34      4.3    48108479       66    73.0%     64.3     0.7%    12.3%     1.3%     0.0%    12.9%     0.5%
Jan 05 04:25:32      4.3    48205308       66    73.0%     64.3     0.7%    12.3%     1.3%     0.0%    12.9%     0.5%
Jan 05 04:29:19      4.2    48302140       66    73.0%     64.3     0.7%    12.3%     1.3%     0.0%    12.9%     0.5%
Jan 05 04:31:40      4.2    48398969       66    73.0%     64.3     0.7%    12.3%     1.3%     0.0%    12.9%     0.5%
Jan 05 04:32:58      4.2    48495798       66    73.0%     64.3     0.7%    12.3%     1.3%     0.0%    12.9%     0.5%
Jan 05 04:36:03      4.2    48592627       66    73.0%     64.3     0.7%    12.3%     1.3%     0.0%    12.9%     0.5%
Jan 05 04:39:16      4.2    48786286       66    73.0%     64.3     0.7%    12.3%     1.3%     0.0%    12.9%     0.5%
Jan 05 04:40:46      4.2    48883114       66    73.0%     64.3     0.7%    12.3%     1.3%     0.0%    12.9%     0.5%
Jan 05 04:43:46      4.2    49173603       66    73.0%     64.3     0.7%    12.3%     1.3%     0.0%    12.9%     0.5%
Jan 05 04:46:10      4.2    49367260       66    73.0%     64.3     0.7%    12.3%     1.3%     0.0%    12.9%     0.5%
Jan 05 04:48:38      4.2    49464088       66    73.0%     64.3     0.7%    12.3%     1.3%     0.0%    12.9%     0.5%
Jan 05 04:51:02      4.2    49560919       66    73.0%     64.3     0.7%    12.3%     1.3%     0.0%    12.9%     0.5%
Jan 05 04:56:13      4.2    49754579       66    73.0%     64.3     0.7%    12.3%     1.3%     0.0%    12.9%     0.5%
Jan 05 04:58:53      4.2    49851408       66    73.0%     64.3     0.7%    12.3%     1.3%     0.0%    12.9%     0.5%
Jan 05 05:00:25      4.2    50045064       66    73.0%     64.3     0.7%    12.3%     1.3%     0.0%    12.9%     0.5%
Jan 05 05:04:43      4.2    50141893       66    73.0%     64.3     0.7%    12.3%     1.3%     0.0%    12.9%     0.5%
Jan 05 05:08:18      4.2    50335551       66    73.0%     64.3     0.7%    12.3%     1.3%     0.0%    12.9%     0.5%
Jan 05 05:10:04      4.2    50432380       66    73.0%     64.3     0.7%    12.3%     1.3%     0.0%    12.9%     0.5%
Jan 05 05:11:20      4.2    50529209       66    73.0%     64.3     0.7%    12.3%     1.3%     0.0%    12.9%     0.5%
Jan 05 05:12:34      4.2    50819697       66    73.0%     64.3     0.7%    12.3%     1.3%     0.0%    12.9%     0.5%
Jan 05 05:14:57      4.2    50916526       66    73.0%     64.3     0.7%    12.3%     1.3%     0.0%    12.9%     0.5%
Jan 05 05:17:37      4.2    51013356       66    73.0%     64.3     0.7%    12.3%     1.3%     0.0%    12.9%     0.5%
Jan 05 05:19:44      4.2    51110186       66    73.0%     64.3     0.7%    12.3%     1.3%     0.0%    12.9%     0.5%
Jan 05 05:22:01      4.2    51207016       66    73.0%     64.3     0.7%    12.3%     1.3%     0.0%    12.9%     0.5%
Jan 05 05:25:26      4.2    51303846       66    73.0%     64.3     0.7%    12.3%     1.3%     0.0%    12.9%     0.5%
Jan 05 05:29:33      4.2    51400673       66    73.0%     64.3     0.7%    12.3%     1.3%     0.0%    12.9%     0.5%
Jan 05 05:31:34      4.2    51594329       66    73.0%     64.3     0.7%    12.3%     1.3%     0.0%    12.9%     0.5%
Jan 05 05:33:42      4.2    51691159       66    73.0%     64.3     0.7%    12.3%     1.3%     0.0%    12.9%     0.5%
Jan 05 05:35:40      4.1    51787987       66    73.0%     64.3     0.7%    12.3%     1.3%     0.0%    12.9%     0.5%
Jan 05 05:38:05      4.1    51884817       66    73.0%     64.3     0.7%    12.3%     1.3%     0.0%    12.9%     0.5%
Jan 05 05:40:12      4.2    52175308       66    73.0%     64.3     0.7%    12.3%     1.3%     0.0%    12.9%     0.5%
Jan 05 05:42:31      4.1    52272137       66    73.0%     64.3     0.7%    12.3%     1.3%     0.0%    12.9%     0.5%
Jan 05 05:48:00      4.1    52562627       66    73.0%     64.3     0.7%    12.3%     1.3%     0.0%    12.9%     0.5%
Jan 05 05:49:37      4.1    52659456       66    73.0%     64.3     0.7%    12.3%     1.3%     0.0%    12.9%     0.5%
Jan 05 05:50:40      4.3    55080198       66    73.0%     64.3     0.7%    12.3%     1.3%     0.0%    12.9%     0.5%
Jan 05 05:51:40      4.7    59437551       66    73.0%     64.3     0.7%    12.3%     1.3%     0.0%    12.9%     0.5%
Jan 05 05:52:40      5.1    64763152       66    73.0%     64.3     0.7%    12.3%     1.3%     0.0%    12.9%     0.5%
Jan 05 05:53:40      5.5    70572870       66    73.0%     64.3     0.7%    12.3%     1.3%     0.0%    12.9%     0.5%
Jan 05 05:54:40      6.0    76673155       66    73.0%     64.3     0.7%    12.3%     1.3%     0.0%    12.9%     0.5%
Jan 05 05:55:40      6.4    82482936       66    73.0%     64.3     0.7%    12.3%     1.3%     0.0%    12.9%     0.5%
Jan 05 05:56:40      6.9    88574250       66    73.0%     64.3     0.8%    12.3%     1.3%     0.0%    12.9%     0.5%
Jan 05 05:57:41      7.4    94654880       66    73.0%     64.3     0.8%    12.3%     1.3%     0.0%    12.9%     0.5%
Jan 05 05:58:42      7.8   100733046       66    73.0%     64.3     0.8%    12.3%     1.3%     0.0%    12.9%     0.5%
Jan 05 05:59:42      8.3   106697837       66    73.0%     64.3     0.8%    12.3%     1.3%     0.0%    12.9%     0.5%
Jan 05 06:00:42      8.7   112470198       66    73.0%     64.3     0.8%    12.3%     1.3%     0.0%    12.9%     0.5%
Jan 05 06:01:42      9.2   118338806       66    73.0%     64.3     0.8%    12.3%     1.3%     0.0%    12.9%     0.5%
Jan 05 06:02:42      9.6   124495982       66    73.0%     64.3     0.8%    12.3%     1.3%     0.0%    12.9%     0.5%
Jan 05 06:03:42     10.1   130364561       66    73.0%     64.3     0.8%    12.3%     1.3%     0.0%    12.9%     0.5%
Jan 05 06:04:42     10.5   135944470       66    73.0%     64.3     0.8%    12.3%     1.3%     0.0%    12.9%     0.5%
Jan 05 06:16:42     10.4   137582581       66    73.0%     64.3     0.7%    12.3%     1.3%     0.0%    12.9%     0.5%
ALL DONE!
