                                 Started job on |	Jan 10 19:35:41
                             Started mapping on |	Jan 10 19:36:54
                                    Finished on |	Jan 10 20:11:38
       Mapping speed, Million of reads per hour |	238.62

                          Number of input reads |	138136950
                      Average input read length |	66
                                    UNIQUE READS:
                   Uniquely mapped reads number |	100752747
                        Uniquely mapped reads % |	72.94%
                          Average mapped length |	64.27
                       Number of splices: Total |	6432096
            Number of splices: Annotated (sjdb) |	3643967
                       Number of splices: GT/AG |	6130842
                       Number of splices: GC/AG |	65064
                       Number of splices: AT/AC |	5137
               Number of splices: Non-canonical |	231053
                      Mismatch rate per base, % |	0.75%
                         Deletion rate per base |	0.02%
                        Deletion average length |	1.44
                        Insertion rate per base |	0.02%
                       Insertion average length |	1.23
                             MULTI-MAPPING READS:
        Number of reads mapped to multiple loci |	17042141
             % of reads mapped to multiple loci |	12.34%
        Number of reads mapped to too many loci |	1754452
             % of reads mapped to too many loci |	1.27%
                                  UNMAPPED READS:
  Number of reads unmapped: too many mismatches |	0
       % of reads unmapped: too many mismatches |	0.00%
            Number of reads unmapped: too short |	17854087
                 % of reads unmapped: too short |	12.92%
                Number of reads unmapped: other |	733523
                     % of reads unmapped: other |	0.53%
                                  CHIMERIC READS:
                       Number of chimeric reads |	0
                            % of chimeric reads |	0.00%
