           Time    Speed        Read     Read   Mapped   Mapped   Mapped   Mapped Unmapped Unmapped Unmapped Unmapped
                    M/hr      number   length   unique   length   MMrate    multi   multi+       MM    short    other
Jan 10 19:37:57    184.1     3222198       66    73.0%     64.3     0.8%    12.3%     1.3%     0.0%    12.9%     0.5%
Jan 10 19:38:57    265.2     9061003       66    73.0%     64.3     0.8%    12.3%     1.3%     0.0%    12.9%     0.5%
Jan 10 19:39:59    289.4    14873971       66    73.0%     64.3     0.7%    12.3%     1.3%     0.0%    12.9%     0.5%
Jan 10 19:41:00    299.9    20490215       66    73.0%     64.3     0.8%    12.3%     1.3%     0.0%    12.9%     0.5%
Jan 10 19:42:00    307.0    26096384       66    73.0%     64.3     0.7%    12.3%     1.3%     0.0%    12.9%     0.5%
Jan 10 19:43:00    311.7    31694509       66    73.0%     64.3     0.7%    12.3%     1.3%     0.0%    12.9%     0.5%
Jan 10 19:44:00    315.1    37292609       66    73.0%     64.3     0.7%    12.3%     1.3%     0.0%    12.9%     0.5%
Jan 10 19:45:00    317.0    42794204       66    72.9%     64.3     0.7%    12.3%     1.3%     0.0%    12.9%     0.5%
Jan 10 19:46:00    319.8    48496809       66    72.9%     64.3     0.8%    12.3%     1.3%     0.0%    12.9%     0.5%
Jan 10 19:47:02    319.8    54016216       66    72.9%     64.3     0.8%    12.3%     1.3%     0.0%    13.0%     0.5%
Jan 10 19:48:03    321.9    59826151       66    72.9%     64.3     0.8%    12.3%     1.3%     0.0%    12.9%     0.5%
Jan 10 19:49:04    322.7    65442388       66    72.9%     64.3     0.8%    12.3%     1.3%     0.0%    12.9%     0.5%
Jan 10 19:50:04    323.8    71058601       66    72.9%     64.3     0.8%    12.3%     1.3%     0.0%    12.9%     0.5%
Jan 10 19:51:04    325.2    76771710       66    72.9%     64.3     0.8%    12.3%     1.3%     0.0%    12.9%     0.5%
Jan 10 19:52:04    326.7    82581649       66    72.9%     64.3     0.8%    12.3%     1.3%     0.0%    12.9%     0.5%
Jan 10 19:53:04    328.4    88480889       66    72.9%     64.3     0.8%    12.3%     1.3%     0.0%    12.9%     0.5%
Jan 10 19:54:04    329.5    94272093       66    72.9%     64.3     0.8%    12.3%     1.3%     0.0%    12.9%     0.5%
Jan 10 19:55:04    331.1   100255438       66    72.9%     64.3     0.8%    12.3%     1.3%     0.0%    12.9%     0.5%
Jan 10 19:56:04    332.2   106124169       66    72.9%     64.3     0.8%    12.3%     1.3%     0.0%    12.9%     0.5%
Jan 10 19:57:04    332.6   111800461       66    72.9%     64.3     0.8%    12.3%     1.3%     0.0%    12.9%     0.5%
Jan 10 19:58:04    333.8   117765432       66    72.9%     64.3     0.8%    12.3%     1.3%     0.0%    12.9%     0.5%
Jan 10 19:59:04    334.6   123634156       66    72.9%     64.3     0.8%    12.3%     1.3%     0.0%    12.9%     0.5%
Jan 10 20:00:05    335.4   129599052       66    72.9%     64.3     0.8%    12.3%     1.3%     0.0%    12.9%     0.5%
Jan 10 20:01:06    336.3   135660151       66    72.9%     64.3     0.8%    12.3%     1.3%     0.0%    12.9%     0.5%
Jan 10 20:11:38    238.6   138136950       66    72.9%     64.3     0.8%    12.3%     1.3%     0.0%    12.9%     0.5%
ALL DONE!
