           Time    Speed        Read     Read   Mapped   Mapped   Mapped   Mapped Unmapped Unmapped Unmapped Unmapped
                    M/hr      number   length   unique   length   MMrate    multi   multi+       MM    short    other
Jan 10 22:28:54    190.4     3226090       66    73.0%     64.3     0.7%    12.3%     1.3%     0.0%    12.9%     0.5%
Jan 10 22:29:54    264.1     8877304       66    73.0%     64.3     0.7%    12.3%     1.3%     0.0%    12.9%     0.5%
Jan 10 22:30:56    287.2    14600807       66    73.0%     64.3     0.7%    12.3%     1.3%     0.0%    12.9%     0.5%
Jan 10 22:31:56    302.5    20417607       66    73.0%     64.3     0.7%    12.3%     1.3%     0.0%    12.9%     0.5%
Jan 10 22:32:56    310.4    26127074       66    73.0%     64.3     0.7%    12.3%     1.3%     0.0%    12.9%     0.5%
Jan 10 22:33:56    315.7    31828430       66    73.0%     64.3     0.7%    12.3%     1.3%     0.0%    12.9%     0.5%
Jan 10 22:34:56    320.2    37626419       66    73.0%     64.3     0.7%    12.3%     1.3%     0.0%    12.9%     0.5%
Jan 10 22:35:56    323.7    43424369       66    73.0%     64.3     0.7%    12.3%     1.3%     0.0%    12.9%     0.5%
Jan 10 22:36:56    326.4    49233141       66    73.0%     64.3     0.7%    12.3%     1.3%     0.0%    12.9%     0.5%
Jan 10 22:37:57    328.7    55146860       66    73.0%     64.3     0.7%    12.3%     1.3%     0.0%    12.9%     0.5%
Jan 10 22:38:59    330.6    61157554       66    73.0%     64.3     0.7%    12.3%     1.3%     0.0%    12.9%     0.5%
Jan 10 22:39:59    332.6    67071363       66    73.0%     64.3     0.7%    12.3%     1.3%     0.0%    12.9%     0.5%
Jan 10 22:40:59    335.2    73179070       66    73.0%     64.3     0.7%    12.3%     1.3%     0.0%    12.9%     0.5%
Jan 10 22:41:59    335.7    78898965       66    73.0%     64.3     0.7%    12.3%     1.3%     0.0%    12.9%     0.5%
Jan 10 22:42:59    337.4    84909698       66    73.0%     64.3     0.8%    12.3%     1.3%     0.0%    12.9%     0.5%
Jan 10 22:43:59    338.4    90807466       66    73.0%     64.3     0.8%    12.3%     1.3%     0.0%    12.9%     0.5%
Jan 10 22:44:59    339.3    96702071       66    73.0%     64.3     0.8%    12.3%     1.3%     0.0%    12.9%     0.5%
Jan 10 22:45:59    340.4   102684699       66    73.0%     64.3     0.8%    12.3%     1.3%     0.0%    12.9%     0.5%
Jan 10 22:46:59    341.6   108752985       66    73.0%     64.3     0.8%    12.3%     1.3%     0.0%    12.9%     0.5%
Jan 10 22:47:59    342.2   114628557       66    73.0%     64.3     0.8%    12.3%     1.3%     0.0%    12.9%     0.5%
Jan 10 22:48:59    342.9   120600510       66    73.0%     64.3     0.8%    12.3%     1.3%     0.0%    12.9%     0.5%
Jan 10 22:49:59    343.6   126572438       66    73.0%     64.3     0.8%    12.3%     1.3%     0.0%    12.9%     0.5%
Jan 10 22:50:59    343.5   132255423       66    73.0%     64.3     0.8%    12.3%     1.3%     0.0%    12.9%     0.5%
Jan 10 23:01:43    244.2   137683698       66    73.0%     64.3     0.8%    12.3%     1.3%     0.0%    12.9%     0.5%
ALL DONE!
