           Time    Speed        Read     Read   Mapped   Mapped   Mapped   Mapped Unmapped Unmapped Unmapped Unmapped
                    M/hr      number   length   unique   length   MMrate    multi   multi+       MM    short    other
Jan 10 21:18:36    193.6     3225907       66    73.0%     64.3     0.7%    12.3%     1.3%     0.0%    12.9%     0.5%
Jan 10 21:19:37    272.8     9168284       66    73.0%     64.3     0.7%    12.3%     1.3%     0.0%    12.9%     0.5%
Jan 10 21:20:37    294.2    14793718       66    73.1%     64.3     0.7%    12.3%     1.3%     0.0%    12.9%     0.5%
Jan 10 21:21:38    305.2    20513394       66    73.0%     64.3     0.7%    12.3%     1.3%     0.0%    12.9%     0.5%
Jan 10 21:22:38    305.7    25641196       66    73.0%     64.3     0.7%    12.3%     1.3%     0.0%    12.9%     0.5%
Jan 10 21:23:40    301.4    30472697       66    73.0%     64.3     0.7%    12.3%     1.3%     0.0%    12.9%     0.5%
Jan 10 21:24:40    302.2    35594088       66    73.0%     64.3     0.7%    12.3%     1.3%     0.0%    12.9%     0.5%
Jan 10 21:25:40    302.8    40715475       66    73.0%     64.3     0.7%    12.3%     1.3%     0.0%    12.9%     0.5%
Jan 10 21:26:41    302.8    45839419       66    73.0%     64.3     0.7%    12.3%     1.3%     0.0%    12.9%     0.5%
Jan 10 21:27:41    303.9    51074360       66    73.0%     64.3     0.7%    12.3%     1.3%     0.0%    12.9%     0.5%
Jan 10 21:28:41    305.9    56503175       66    73.0%     64.3     0.7%    12.3%     1.3%     0.0%    12.9%     0.5%
Jan 10 21:29:41    307.0    61835106       66    73.0%     64.3     0.7%    12.3%     1.3%     0.0%    12.9%     0.5%
Jan 10 21:30:42    308.1    67263989       66    73.0%     64.3     0.7%    12.3%     1.3%     0.0%    12.9%     0.5%
Jan 10 21:31:42    311.0    73080634       66    73.0%     64.3     0.7%    12.3%     1.3%     0.0%    12.9%     0.5%
Jan 10 21:32:42    313.9    78994201       66    73.0%     64.3     0.7%    12.3%     1.3%     0.0%    12.9%     0.5%
Jan 10 21:33:43    316.1    84905720       66    73.0%     64.3     0.7%    12.3%     1.3%     0.0%    12.9%     0.5%
Jan 10 21:34:43    318.3    90800153       66    73.0%     64.3     0.7%    12.3%     1.3%     0.0%    12.9%     0.5%
Jan 10 21:35:43    320.2    96694590       66    73.0%     64.3     0.7%    12.3%     1.3%     0.0%    12.9%     0.5%
Jan 10 21:36:43    322.6   102773355       66    73.0%     64.3     0.7%    12.3%     1.3%     0.0%    12.9%     0.5%
Jan 10 21:37:43    324.1   108648808       66    73.0%     64.3     0.7%    12.3%     1.3%     0.0%    12.9%     0.5%
Jan 10 21:38:43    325.7   114620566       66    73.0%     64.3     0.7%    12.3%     1.3%     0.0%    12.9%     0.5%
Jan 10 21:39:43    327.2   120592346       66    73.0%     64.3     0.7%    12.3%     1.3%     0.0%    12.9%     0.5%
Jan 10 21:40:43    327.8   126275204       66    73.0%     64.3     0.7%    12.3%     1.3%     0.0%    12.9%     0.5%
Jan 10 21:41:43    329.3   132343311       66    73.0%     64.3     0.7%    12.3%     1.3%     0.0%    12.9%     0.5%
Jan 10 21:52:06    235.1   135162095       66    73.0%     64.3     0.7%    12.3%     1.3%     0.0%    12.9%     0.5%
ALL DONE!
